d:\c++\project\projectc++\projectc++\x64\debug\vc142.pdb
d:\c++\project\projectc++\projectc++\x64\debug\vc142.idb
d:\c++\project\projectc++\projectc++\x64\debug\main.obj
d:\c++\project\projectc++\projectc++\x64\debug\gracz.obj
d:\c++\project\projectc++\projectc++\x64\debug\game.obj
d:\c++\project\mysecond\projectc++\x64\debug\vc142.pdb
d:\c++\project\mysecond\projectc++\x64\debug\vc142.idb
d:\c++\project\mysecond\projectc++\x64\debug\game.obj
d:\c++\project\mysecond\projectc++\x64\debug\enemy.obj
d:\c++\project\mysecond\projectc++\x64\debug\main.obj
d:\c++\project\projectc++\x64\debug\projectc++.exe
d:\c++\project\projectc++\x64\debug\projectc++.ilk
d:\c++\project\projectc++\x64\debug\projectc++.pdb
d:\c++\project\mysecond\x64\debug\projectc++.exe
d:\c++\project\mysecond\x64\debug\projectc++.ilk
d:\c++\project\mysecond\x64\debug\projectc++.pdb
d:\c++\project\mysecond\projectc++\x64\debug\gracz.obj
d:\c++\project\mysecond\projectc++\x64\debug\game.new.obj.enc
d:\c++\project\mysecond\projectc++\x64\debug\projectc++.tlog\cl.command.1.tlog
d:\c++\project\mysecond\projectc++\x64\debug\projectc++.tlog\cl.read.1.tlog
d:\c++\project\mysecond\projectc++\x64\debug\projectc++.tlog\cl.write.1.tlog
d:\c++\project\mysecond\projectc++\x64\debug\projectc++.tlog\link.command.1.tlog
d:\c++\project\mysecond\projectc++\x64\debug\projectc++.tlog\link.read.1.tlog
d:\c++\project\mysecond\projectc++\x64\debug\projectc++.tlog\link.write.1.tlog
